mode: set
cloud-test-task/playlist/controller.go:9.35,10.106 1 1
cloud-test-task/playlist/controller.go:15.2,15.25 1 1
cloud-test-task/playlist/controller.go:20.2,20.23 1 1
cloud-test-task/playlist/controller.go:24.2,26.12 2 1
cloud-test-task/playlist/controller.go:10.106,13.3 2 1
cloud-test-task/playlist/controller.go:15.25,18.3 2 1
cloud-test-task/playlist/controller.go:20.23,22.3 1 1
cloud-test-task/playlist/controller.go:30.50,31.39 1 1
cloud-test-task/playlist/controller.go:35.2,37.12 2 1
cloud-test-task/playlist/controller.go:31.39,33.3 1 1
cloud-test-task/playlist/controller.go:41.34,42.18 1 1
cloud-test-task/playlist/controller.go:47.2,51.12 3 1
cloud-test-task/playlist/controller.go:42.18,45.3 2 1
cloud-test-task/playlist/controller.go:55.35,56.19 1 1
cloud-test-task/playlist/controller.go:61.2,66.12 4 1
cloud-test-task/playlist/controller.go:56.19,59.3 2 1
cloud-test-task/playlist/controller.go:70.28,76.2 4 1
cloud-test-task/playlist/controller.go:79.28,85.2 4 1
cloud-test-task/playlist/controller.go:88.27,92.2 2 1
cloud-test-task/playlist/entities.go:17.59,23.2 1 1
cloud-test-task/playlist/entities.go:25.51,27.2 1 1
cloud-test-task/playlist/entities.go:48.30,60.2 1 1
cloud-test-task/playlist/entities.go:62.38,64.2 1 1
cloud-test-task/playlist/entities.go:66.45,68.2 1 1
cloud-test-task/playlist/handlers.go:9.38,10.6 1 1
cloud-test-task/playlist/handlers.go:10.6,11.10 1 1
cloud-test-task/playlist/handlers.go:12.25,14.10 2 1
cloud-test-task/playlist/handlers.go:15.22,16.20 1 1
cloud-test-task/playlist/handlers.go:17.23,18.21 1 1
cloud-test-task/playlist/handlers.go:19.22,20.20 1 1
cloud-test-task/playlist/handlers.go:21.22,22.20 1 1
cloud-test-task/playlist/handlers.go:27.35,30.2 2 1
cloud-test-task/playlist/handlers.go:32.36,34.2 1 1
cloud-test-task/playlist/handlers.go:36.35,41.30 4 1
cloud-test-task/playlist/handlers.go:48.2,49.19 2 1
cloud-test-task/playlist/handlers.go:41.30,44.3 2 1
cloud-test-task/playlist/handlers.go:44.8,46.3 1 1
cloud-test-task/playlist/handlers.go:52.35,57.30 4 1
cloud-test-task/playlist/handlers.go:64.2,65.19 2 1
cloud-test-task/playlist/handlers.go:57.30,60.3 2 1
cloud-test-task/playlist/handlers.go:60.8,62.3 1 1
cloud-test-task/playlist/handlers.go:69.37,74.2 3 1
cloud-test-task/playlist/handlers.go:79.33,83.6 4 1
cloud-test-task/playlist/handlers.go:83.6,84.10 1 1
cloud-test-task/playlist/handlers.go:85.41,86.10 1 1
cloud-test-task/playlist/handlers.go:87.22,91.83 3 1
cloud-test-task/playlist/handlers.go:91.83,93.5 1 1
